<?xml version="1.0" encoding="UTF-8"?>
<!-- Generated by org.testng.reporters.JUnitReportReporter -->
<testsuite skipped="0" hostname="PLATOW42S2337" name="com.zensar.data_driven_framework1.data_point.LoginUsingFile" tests="1" failures="0" timestamp="2019-12-19T11:44:36 IST" time="40.793" errors="0">
  <testcase name="loginAutomationTestNG" time="40.793" classname="com.zensar.data_driven_framework1.data_point.LoginUsingFile"/>
</testsuite> <!-- com.zensar.data_driven_framework1.data_point.LoginUsingFile -->
